Build started...
16:28:03 **** Incremental Build of configuration TriCore Debug (TASKING) for project combine ****
amk -j12 all 
TASKING VX-toolset for AURIX Development Studio (non-commercial): program builder v1.1r8 Build 22011964
cctc -cs --dep-file="Cpu0_Main.d" --misrac-version=2004 -D__CPU__=tc37x "-fC:/Users/USER/Desktop/Coding/C/proj1/autonomous-skid-steer-vehicle/tc375_fw/src/mypj/TriCore Debug (TASKING)/TASKING_C_C___Compiler-Include_paths__-I_.opt" --iso=99 --c++14 --language=+volatile --exceptions --anachronisms --fp-model=3 -O0 --tradeoff=4 --compact-max-size=200 -g -Wc-w544 -Wc-w557 -Ctc37x -Y0 -N0 -Z0 -o "Cpu0_Main.src" "../Cpu0_Main.c"
ctc W530: ["../Cpu0_Main.c" 11/16] overflow in implicit conversion to type "unsigned short int"
ctc W560: ["../Cpu0_Main.c" 33/21] possible truncation at implicit conversion to type "float"
ctc W505: ["../Cpu0_Main.c" 38/9] implicit declaration of function "Check_Abe"
ctc W577: ["../Cpu0_Main.c" 38/18] calling a function without a prototype
ctc W537: ["../Cpu0_Main.c" 22/12] unused variable "t1"
ctc W537: ["../Cpu0_Main.c" 23/12] unused variable "t2"
0 errors, 6 warnings
astc -Og -Os --no-warnings= --error-limit=42 -o  "Cpu0_Main.o" "Cpu0_Main.src"
Building target: combine.elf
Invoking: TASKING Linker
cctc --lsl-file="../Lcf_Tasking_Tricore_Tc.lsl" -Wl-Oc -Wl-OL -Wl-Ot -Wl-Ox -Wl-Oy -Wl--map-file="combine.map" -Wl-mc -Wl-mf -Wl-mi -Wl-mk -Wl-ml -Wl-mm -Wl-md -Wl-mr -Wl-mu --no-warnings= -Wl--error-limit=42 --fp-model=3 -lrt --lsl-core=vtc --exceptions --strict --anachronisms --force-c++ -Ctc37x -o"combine.elf" -Wl-o"combine.hex:IHEX" MATLAB/rtGetInf.o MATLAB/rtGetNaN.o MATLAB/rt_nonfinite.o MATLAB/skid_steer_controller.o Libraries/iLLD/TC37A/Tricore/_PinMap/IfxAsclin_PinMap.o Libraries/iLLD/TC37A/Tricore/_PinMap/IfxCan_PinMap.o Libraries/iLLD/TC37A/Tricore/_PinMap/IfxCcu6_PinMap.o Libraries/iLLD/TC37A/Tricore/_PinMap/IfxDmu_PinMap.o Libraries/iLLD/TC37A/Tricore/_PinMap/IfxEdsadc_PinMap.o Libraries/iLLD/TC37A/Tricore/_PinMap/IfxEray_PinMap.o Libraries/iLLD/TC37A/Tricore/_PinMap/IfxEvadc_PinMap.o Libraries/iLLD/TC37A/Tricore/_PinMap/IfxGeth_PinMap.o Libraries/iLLD/TC37A/Tricore/_PinMap/IfxGpt12_PinMap.o Libraries/iLLD/TC37A/Tricore/_PinMap/IfxGtm_PinMap.o Libraries/iLLD/TC37A/Tricore/_PinMap/IfxI2c_PinMap.o Libraries/iLLD/TC37A/Tricore/_PinMap/IfxMsc_PinMap.o Libraries/iLLD/TC37A/Tricore/_PinMap/IfxPms_PinMap.o Libraries/iLLD/TC37A/Tricore/_PinMap/IfxPort_PinMap.o Libraries/iLLD/TC37A/Tricore/_PinMap/IfxPsi5_PinMap.o Libraries/iLLD/TC37A/Tricore/_PinMap/IfxPsi5s_PinMap.o Libraries/iLLD/TC37A/Tricore/_PinMap/IfxQspi_PinMap.o Libraries/iLLD/TC37A/Tricore/_PinMap/IfxScu_PinMap.o Libraries/iLLD/TC37A/Tricore/_PinMap/IfxSent_PinMap.o Libraries/iLLD/TC37A/Tricore/_PinMap/IfxSmu_PinMap.o Libraries/iLLD/TC37A/Tricore/_Impl/IfxAsclin_cfg.o Libraries/iLLD/TC37A/Tricore/_Impl/IfxCan_cfg.o Libraries/iLLD/TC37A/Tricore/_Impl/IfxCcu6_cfg.o Libraries/iLLD/TC37A/Tricore/_Impl/IfxCpu_cfg.o Libraries/iLLD/TC37A/Tricore/_Impl/IfxDma_cfg.o Libraries/iLLD/TC37A/Tricore/_Impl/IfxEray_cfg.o Libraries/iLLD/TC37A/Tricore/_Impl/IfxEvadc_cfg.o Libraries/iLLD/TC37A/Tricore/_Impl/IfxFlash_cfg.o Libraries/iLLD/TC37A/Tricore/_Impl/IfxGeth_cfg.o Libraries/iLLD/TC37A/Tricore/_Impl/IfxGtm_cfg.o Libraries/iLLD/TC37A/Tricore/_Impl/IfxHssl_cfg.o Libraries/iLLD/TC37A/Tricore/_Impl/IfxI2c_cfg.o Libraries/iLLD/TC37A/Tricore/_Impl/IfxMsc_cfg.o Libraries/iLLD/TC37A/Tricore/_Impl/IfxMtu_cfg.o Libraries/iLLD/TC37A/Tricore/_Impl/IfxPort_cfg.o Libraries/iLLD/TC37A/Tricore/_Impl/IfxPsi5_cfg.o Libraries/iLLD/TC37A/Tricore/_Impl/IfxQspi_cfg.o Libraries/iLLD/TC37A/Tricore/_Impl/IfxScu_cfg.o Libraries/iLLD/TC37A/Tricore/_Impl/IfxSent_cfg.o Libraries/iLLD/TC37A/Tricore/_Impl/IfxSmu_cfg.o Libraries/iLLD/TC37A/Tricore/_Impl/IfxSrc_cfg.o Libraries/iLLD/TC37A/Tricore/_Impl/IfxStm_cfg.o Libraries/iLLD/TC37A/Tricore/Stm/Std/IfxStm.o Libraries/iLLD/TC37A/Tricore/Src/Std/IfxSrc.o Libraries/iLLD/TC37A/Tricore/Scu/Std/IfxScuCcu.o Libraries/iLLD/TC37A/Tricore/Scu/Std/IfxScuEru.o Libraries/iLLD/TC37A/Tricore/Scu/Std/IfxScuLbist.o Libraries/iLLD/TC37A/Tricore/Scu/Std/IfxScuRcu.o Libraries/iLLD/TC37A/Tricore/Scu/Std/IfxScuWdt.o Libraries/iLLD/TC37A/Tricore/Port/Std/IfxPort.o Libraries/iLLD/TC37A/Tricore/Pms/Std/IfxPmsEvr.o Libraries/iLLD/TC37A/Tricore/Pms/Std/IfxPmsPm.o Libraries/iLLD/TC37A/Tricore/Mtu/Std/IfxMtu.o Libraries/iLLD/TC37A/Tricore/Gtm/Std/IfxGtm.o Libraries/iLLD/TC37A/Tricore/Gtm/Std/IfxGtm_Atom.o Libraries/iLLD/TC37A/Tricore/Gtm/Std/IfxGtm_Cmu.o Libraries/iLLD/TC37A/Tricore/Gtm/Std/IfxGtm_Dpll.o Libraries/iLLD/TC37A/Tricore/Gtm/Std/IfxGtm_Dtm.o Libraries/iLLD/TC37A/Tricore/Gtm/Std/IfxGtm_Psm.o Libraries/iLLD/TC37A/Tricore/Gtm/Std/IfxGtm_Spe.o Libraries/iLLD/TC37A/Tricore/Gtm/Std/IfxGtm_Tbu.o Libraries/iLLD/TC37A/Tricore/Gtm/Std/IfxGtm_Tim.o Libraries/iLLD/TC37A/Tricore/Gtm/Std/IfxGtm_Tom.o Libraries/iLLD/TC37A/Tricore/Gtm/Atom/Pwm/IfxGtm_Atom_Pwm.o Libraries/iLLD/TC37A/Tricore/Cpu/Trap/IfxCpu_Trap.o Libraries/iLLD/TC37A/Tricore/Cpu/Std/IfxCpu.o Libraries/iLLD/TC37A/Tricore/Cpu/Irq/IfxCpu_Irq.o Libraries/iLLD/TC37A/Tricore/Can/Std/IfxCan.o Libraries/iLLD/TC37A/Tricore/Can/Can/IfxCan_Can.o Libraries/Service/CpuGeneric/SysSe/Bsp/Assert.o Libraries/Service/CpuGeneric/SysSe/Bsp/Bsp.o Libraries/Infra/Ssw/TC37A/Tricore/Ifx_Ssw_Infra.o Libraries/Infra/Ssw/TC37A/Tricore/Ifx_Ssw_Tc0.o Libraries/Infra/Ssw/TC37A/Tricore/Ifx_Ssw_Tc1.o Libraries/Infra/Ssw/TC37A/Tricore/Ifx_Ssw_Tc2.o Libraries/Infra/Platform/Tricore/Compilers/CompilerDcc.o Libraries/Infra/Platform/Tricore/Compilers/CompilerGcc.o Libraries/Infra/Platform/Tricore/Compilers/CompilerGhs.o Libraries/Infra/Platform/Tricore/Compilers/CompilerGnuc.o Libraries/Infra/Platform/Tricore/Compilers/CompilerTasking.o Configurations/Ifx_Cfg_Ssw.o Configurations/Ifx_Cfg_SswBmhd.o BSW/ULTRASONIC/Ultrasonic.o BSW/STM/Stm.o BSW/MOTOR/Motor.o BSW/GTM_ATOM_PWM/Gtm_Atom_Pwm.o BSW/GPT12/Gpt12.o BSW/GPIO/Buzzer.o BSW/GPIO/Led.o BSW/ENCODER/Encoder.o BSW/CAN/Can.o BSW/ASCLIN/Asclin.o ASW/ABE/Abe.o Cpu0_Main.o Cpu1_Main.o Cpu2_Main.o Sys_Init.o
Finished building target: combine.elf
 
Invoking: Print Size
elfsize  "combine.elf"
Total sizes:
ROM: 0x836c (33644) = code: 0x6c02 (27650) + romdata: 0x176a (5994)
RAM: 0x9719 (38681) = data + bss
Finished building: combine.siz
 
